[debug] [2023-05-16T10:21:03.691Z] ----------------------------------------------------------------------
[debug] [2023-05-16T10:21:03.694Z] Command:       C:\Program Files\nodejs\node.exe C:\Users\pc\AppData\Roaming\npm\node_modules\firebase-tools\lib\bin\firebase.js deploy
[debug] [2023-05-16T10:21:03.694Z] CLI Version:   11.7.0
[debug] [2023-05-16T10:21:03.694Z] Platform:      win32
[debug] [2023-05-16T10:21:03.695Z] Node Version:  v16.14.2
[debug] [2023-05-16T10:21:03.702Z] Time:          Tue May 16 2023 15:21:03 GMT+0500 (Pakistan Standard Time)
[debug] [2023-05-16T10:21:03.702Z] ----------------------------------------------------------------------
[debug] 
[debug] [2023-05-16T10:21:03.708Z] >>> [apiv2][query] GET https://firebase-public.firebaseio.com/cli.json [none]
[debug] [2023-05-16T10:21:03.822Z] > command requires scopes: ["email","openid","https://www.googleapis.com/auth/cloudplatformprojects.readonly","https://www.googleapis.com/auth/firebase","https://www.googleapis.com/auth/cloud-platform"]
[debug] [2023-05-16T10:21:03.822Z] > authorizing via signed-in user (ua071567@gmail.com)
[debug] [2023-05-16T10:21:03.823Z] [iam] checking project travel-hub-bc746 for permissions ["firebase.projects.get","firebasehosting.sites.update"]
[debug] [2023-05-16T10:21:03.824Z] > refreshing access token with scopes: []
[debug] [2023-05-16T10:21:03.826Z] >>> [apiv2][query] POST https://www.googleapis.com/oauth2/v3/token [none]
[debug] [2023-05-16T10:21:03.826Z] >>> [apiv2][body] POST https://www.googleapis.com/oauth2/v3/token [omitted]
[debug] [2023-05-16T10:21:04.258Z] <<< [apiv2][status] POST https://www.googleapis.com/oauth2/v3/token 200
[debug] [2023-05-16T10:21:04.259Z] <<< [apiv2][body] POST https://www.googleapis.com/oauth2/v3/token [omitted]
[debug] [2023-05-16T10:21:04.284Z] >>> [apiv2][query] POST https://cloudresourcemanager.googleapis.com/v1/projects/travel-hub-bc746:testIamPermissions [none]
[debug] [2023-05-16T10:21:04.284Z] >>> [apiv2][(partial)header] POST https://cloudresourcemanager.googleapis.com/v1/projects/travel-hub-bc746:testIamPermissions x-goog-quota-user=projects/travel-hub-bc746
[debug] [2023-05-16T10:21:04.284Z] >>> [apiv2][body] POST https://cloudresourcemanager.googleapis.com/v1/projects/travel-hub-bc746:testIamPermissions {"permissions":["firebase.projects.get","firebasehosting.sites.update"]}
[debug] [2023-05-16T10:21:04.545Z] <<< [apiv2][status] GET https://firebase-public.firebaseio.com/cli.json 200
[debug] [2023-05-16T10:21:04.545Z] <<< [apiv2][body] GET https://firebase-public.firebaseio.com/cli.json {"cloudBuildErrorAfter":1594252800000,"cloudBuildWarnAfter":1590019200000,"defaultNode10After":1594252800000,"minVersion":"3.0.5","node8DeploysDisabledAfter":1613390400000,"node8RuntimeDisabledAfter":1615809600000,"node8WarnAfter":1600128000000}
[debug] [2023-05-16T10:21:06.057Z] <<< [apiv2][status] POST https://cloudresourcemanager.googleapis.com/v1/projects/travel-hub-bc746:testIamPermissions 200
[debug] [2023-05-16T10:21:06.058Z] <<< [apiv2][body] POST https://cloudresourcemanager.googleapis.com/v1/projects/travel-hub-bc746:testIamPermissions {}
[debug] [2023-05-16T10:21:06.058Z] [iam] error while checking permissions, command may fail: FirebaseError: Authorization failed. This account is missing the following required permissions on project travel-hub-bc746:

  firebase.projects.get
  firebasehosting.sites.update
[debug] [2023-05-16T10:21:06.059Z] >>> [apiv2][query] GET https://firebase.googleapis.com/v1beta1/projects/travel-hub-bc746 [none]
[debug] [2023-05-16T10:21:06.773Z] <<< [apiv2][status] GET https://firebase.googleapis.com/v1beta1/projects/travel-hub-bc746 403
[debug] [2023-05-16T10:21:06.773Z] <<< [apiv2][body] GET https://firebase.googleapis.com/v1beta1/projects/travel-hub-bc746 {"error":{"code":403,"message":"The caller does not have permission","status":"PERMISSION_DENIED"}}
[debug] [2023-05-16T10:21:06.774Z] HTTP Error: 403, The caller does not have permission
[debug] [2023-05-16T10:21:07.141Z] FirebaseError: HTTP Error: 403, The caller does not have permission
    at responseToError (C:\Users\pc\AppData\Roaming\npm\node_modules\firebase-tools\lib\responseToError.js:49:12)
    at RetryOperation._fn (C:\Users\pc\AppData\Roaming\npm\node_modules\firebase-tools\lib\apiv2.js:288:77)
    at processTicksAndRejections (node:internal/process/task_queues:96:5)
[error] 
[error] Error: Failed to get Firebase project travel-hub-bc746. Please make sure the project exists and your account has permission to access it.
